<?xml version="1.0" encoding="UTF-8"?>
<!-- Generated by org.testng.reporters.JUnitReportReporter -->
<testsuite hostname="DESKTOP-HIVH3MV" failures="0" tests="3" name="test.day4" time="0.000" errors="0" timestamp="2023-07-28T12:41:41 EEST" skipped="0">
  <testcase classname="test.day4" name="WebLoginHomeLoan" time="0.000"/>
  <testcase classname="test.day4" name="APILoginHomeLoan" time="0.000"/>
  <testcase classname="test.day4" name="MobileLoginHomeLoan" time="0.000"/>
</testsuite> <!-- test.day4 -->
