<?xml version="1.0" encoding="UTF-8"?>
<!-- Generated by org.testng.reporters.JUnitReportReporter -->
<testsuite hostname="DESKTOP-HIVH3MV" failures="0" tests="7" name="test.day3" time="0.009" errors="0" timestamp="2023-07-28T12:41:41 EEST" skipped="1">
  <testcase classname="test.day3" name="MobileSignOutCarLoan" time="0.000"/>
  <testcase classname="test.day3" name="APILoginCarLoan" time="0.002"/>
  <testcase classname="test.day3" name="MobileSignOutCarLoan" time="0.000"/>
  <testcase classname="test.day3" name="MobileLoginCarLoan" time="0.004"/>
  <testcase classname="test.day3" name="WebLoginCarLoan" time="0.001"/>
  <testcase classname="test.day3" name="MobileSignOutCarLoan" time="0.002"/>
  <testcase classname="test.day3" name="MobileSignInCarLoan">
    <skipped/>
  </testcase> <!-- MobileSignInCarLoan -->
</testsuite> <!-- test.day3 -->
