<?xml version="1.0" encoding="UTF-8"?>
<!-- Generated by org.testng.reporters.JUnitReportReporter -->
<testsuite hostname="DESKTOP-HIVH3MV" failures="0" tests="1" name="test.day1" time="0.004" errors="0" timestamp="2023-07-28T12:41:41 EEST" skipped="0">
  <testcase classname="test.day1" name="Demo" time="0.004"/>
</testsuite> <!-- test.day1 -->
